CREATE EXTENSION hunspell_nl_nl;
SELECT ts_lexize('dutch_hunspell', 'speelde');
 ts_lexize 
-----------
 {speel}
(1 row)

SELECT ts_lexize('dutch_hunspell', 'duivels');
    ts_lexize     
------------------
 {duivels,duivel}
(1 row)

SELECT ts_lexize('dutch_hunspell', 'huizes');
   ts_lexize    
----------------
 {huizes,huize}
(1 row)

SELECT ts_lexize('dutch_hunspell', 'vertelde');
    ts_lexize     
------------------
 {verteld,vertel}
(1 row)

SELECT ts_lexize('dutch_hunspell', 'kunt');
 ts_lexize 
-----------
 {kun}
(1 row)

