CREATE EXTENSION hunspell_fr;
SELECT ts_lexize('french_hunspell', 'beau');
 ts_lexize 
-----------
 {beau}
(1 row)

SELECT ts_lexize('french_hunspell', 'antérieur');
  ts_lexize   
--------------
 {antérieure}
(1 row)

SELECT ts_lexize('french_hunspell', 'fraternel');
   ts_lexize   
---------------
 {fraternelle}
(1 row)

SELECT ts_lexize('french_hunspell', 'plaît');
 ts_lexize 
-----------
 {plaire}
(1 row)

SELECT ts_lexize('french_hunspell', 'm''appelle');
 ts_lexize 
-----------
 {appeler}
(1 row)

SELECT ts_lexize('french_hunspell', 'l''anglais');
 ts_lexize  
------------
 {anglaise}
(1 row)

SELECT ts_lexize('french_hunspell', 'comprends');
  ts_lexize   
--------------
 {comprendre}
(1 row)

SELECT ts_lexize('french_hunspell', 'désolée');
 ts_lexize 
-----------
 {désoler}
(1 row)

SELECT ts_lexize('french_hunspell', 'cents');
 ts_lexize 
-----------
 {cent}
(1 row)

SELECT ts_lexize('french_hunspell', 'grammairiens');
    ts_lexize    
-----------------
 {grammairienne}
(1 row)

SELECT ts_lexize('french_hunspell', 'résistèrent');
 ts_lexize  
------------
 {résister}
(1 row)

SELECT ts_lexize('french_hunspell', 'derniers');
 ts_lexize  
------------
 {dernière}
(1 row)

SELECT ts_lexize('french_hunspell', 'rapprochent');
  ts_lexize   
--------------
 {rapprocher}
(1 row)

