CREATE EXTENSION hunspell_de_de;
CREATE TABLE table1(name varchar);
INSERT INTO table1 VALUES ('etikettierung'), ('vernehmen'), ('verteilen'),
						('bereits'), ('wahrnehmung');
SELECT d.* FROM table1 AS t, LATERAL ts_debug('german_hunspell', t.name) AS d;
   alias   |   description   |     token     |         dictionaries          |   dictionary    |            lexemes            
-----------+-----------------+---------------+-------------------------------+-----------------+-------------------------------
 asciiword | Word, all ASCII | etikettierung | {german_hunspell,german_stem} | german_hunspell | {etikettieren}
 asciiword | Word, all ASCII | vernehmen     | {german_hunspell,german_stem} | german_hunspell | {vernehmen,nehmen}
 asciiword | Word, all ASCII | verteilen     | {german_hunspell,german_stem} | german_hunspell | {verteilen,teilen,teile,teil}
 asciiword | Word, all ASCII | bereits       | {german_hunspell,german_stem} | german_hunspell | {bereit}
 asciiword | Word, all ASCII | wahrnehmung   | {german_hunspell,german_stem} | german_hunspell | {wahrnehmen}
(5 rows)

CREATE INDEX name_idx ON table1 USING GIN (to_tsvector('german_hunspell', "name"));
SELECT * FROM table1 WHERE to_tsvector('german_hunspell', name)
	@@ to_tsquery('german_hunspell', 'vernehmen');
   name    
-----------
 vernehmen
(1 row)

SELECT * FROM table1 WHERE to_tsvector('german_hunspell', name)
	@@ to_tsquery('german_hunspell', 'bereits');
  name   
---------
 bereits
(1 row)

SELECT * FROM table1 WHERE to_tsvector('german_hunspell', name)
	@@ to_tsquery('german_hunspell', 'wahrnehmung');
    name     
-------------
 wahrnehmung
(1 row)

DROP INDEX name_idx;
CREATE INDEX name_idx ON table1 USING GIST (to_tsvector('german_hunspell', "name"));
SELECT * FROM table1 WHERE to_tsvector('german_hunspell', name)
	@@ to_tsquery('german_hunspell', 'vernehmen');
   name    
-----------
 vernehmen
(1 row)

SELECT * FROM table1 WHERE to_tsvector('german_hunspell', name)
	@@ to_tsquery('german_hunspell', 'bereits');
  name   
---------
 bereits
(1 row)

SELECT * FROM table1 WHERE to_tsvector('german_hunspell', name)
	@@ to_tsquery('german_hunspell', 'wahrnehmung');
    name     
-------------
 wahrnehmung
(1 row)

